<?xml version='1.0' encoding='UTF-8' ?>
<testsuite tests="0" failures="0" errors="0" time="0.0" timestamp="2014-03-04T02:44:56" hostname="localhost">
  <properties device="test(AVD) - 4.4.2" flavor="" project="TextSecure" />
</testsuite>